<?xml version="1.0" encoding="UTF-8"?>
<!-- Generated by org.testng.reporters.JUnitReportReporter -->
<testsuite hostname="Fadnis_fam" failures="0" tests="1" name="com.adivaclm.testscript.StratergiesModule" time="4.197" errors="0" timestamp="2024-12-03T19:09:03 IST" skipped="0">
  <testcase classname="com.adivaclm.testscript.StratergiesModule" name="createStrategy" time="4.197">
    <system-out>
      <![CDATA[createStrategyis passed]]>
    </system-out>
  </testcase> <!-- createStrategy -->
  <system-out>
    <![CDATA[createStrategyis passed]]>
  </system-out>
</testsuite> <!-- com.adivaclm.testscript.StratergiesModule -->
