<?xml version="1.0" encoding="UTF-8"?>
<!-- Generated by org.testng.reporters.JUnitReportReporter -->
<testsuite hostname="Fadnis_fam" failures="0" tests="1" name="com.adivaclm.testscript.PriceBookModule" time="8.422" errors="0" timestamp="2024-12-03T18:49:21 IST" skipped="0">
  <testcase classname="com.adivaclm.testscript.PriceBookModule" name="addProducts" time="8.422">
    <system-out>
      <![CDATA[addProductsis passed]]>
    </system-out>
  </testcase> <!-- addProducts -->
  <system-out>
    <![CDATA[createProductis passed
productLeadsis passed
productPBooksis passed
productProspectsis passed
creatStrategyLeadis passed
createStrategyis passed
deleteStrategyis passed
createLeadsis passed
deleteLeadsis passed
createVendoris passed
vendorPOrderis passed
vendorProductis passed
createPurchaseOrderis failed
createInvoiceis failed
addProductsis passed
createQuoteInvoiceis passed
createProspectsis skipped]]>
  </system-out>
</testsuite> <!-- com.adivaclm.testscript.PriceBookModule -->
