<?xml version="1.0" encoding="UTF-8"?>
<!-- Generated by org.testng.reporters.JUnitReportReporter -->
<testsuite hostname="Fadnis_fam" failures="0" tests="3" name="com.adivaclm.testscript.VendorModule" time="16.325" errors="0" timestamp="2024-12-03T18:49:22 IST" skipped="0">
  <testcase classname="com.adivaclm.testscript.VendorModule" name="vendorProduct" time="5.194">
    <system-out>
      <![CDATA[vendorProductis passed]]>
    </system-out>
  </testcase> <!-- vendorProduct -->
  <testcase classname="com.adivaclm.testscript.VendorModule" name="createVendor" time="4.080">
    <system-out>
      <![CDATA[createVendoris passed]]>
    </system-out>
  </testcase> <!-- createVendor -->
  <testcase classname="com.adivaclm.testscript.VendorModule" name="vendorPOrder" time="7.051">
    <system-out>
      <![CDATA[vendorPOrderis passed]]>
    </system-out>
  </testcase> <!-- vendorPOrder -->
  <system-out>
    <![CDATA[createProductis passed
productLeadsis passed
productPBooksis passed
productProspectsis passed
creatStrategyLeadis passed
createStrategyis passed
deleteStrategyis passed
createLeadsis passed
deleteLeadsis passed
createVendoris passed
vendorPOrderis passed
vendorProductis passed
createPurchaseOrderis failed
createInvoiceis failed
addProductsis passed
createQuoteInvoiceis passed
createProspectsis skipped]]>
  </system-out>
</testsuite> <!-- com.adivaclm.testscript.VendorModule -->
