<?xml version="1.0" encoding="UTF-8"?>
<!-- Generated by org.testng.reporters.JUnitReportReporter -->
<testsuite hostname="Fadnis_fam" failures="0" tests="4" name="com.adivaclm.testscript.ProductsModule" time="40.593" errors="0" timestamp="2024-12-03T18:49:22 IST" skipped="0">
  <testcase classname="com.adivaclm.testscript.ProductsModule" name="productLeads" time="7.600">
    <system-out>
      <![CDATA[productLeadsis passed]]>
    </system-out>
  </testcase> <!-- productLeads -->
  <testcase classname="com.adivaclm.testscript.ProductsModule" name="productPBooks" time="7.184">
    <system-out>
      <![CDATA[productPBooksis passed]]>
    </system-out>
  </testcase> <!-- productPBooks -->
  <testcase classname="com.adivaclm.testscript.ProductsModule" name="productProspects" time="21.370">
    <system-out>
      <![CDATA[productProspectsis passed]]>
    </system-out>
  </testcase> <!-- productProspects -->
  <testcase classname="com.adivaclm.testscript.ProductsModule" name="createProduct" time="4.439">
    <system-out>
      <![CDATA[createProductis passed]]>
    </system-out>
  </testcase> <!-- createProduct -->
  <system-out>
    <![CDATA[createProductis passed
productLeadsis passed
productPBooksis passed
productProspectsis passed
creatStrategyLeadis passed
createStrategyis passed
deleteStrategyis passed
createLeadsis passed
deleteLeadsis passed
createVendoris passed
vendorPOrderis passed
vendorProductis passed
createPurchaseOrderis failed
createInvoiceis failed
addProductsis passed
createQuoteInvoiceis passed
createProspectsis skipped]]>
  </system-out>
</testsuite> <!-- com.adivaclm.testscript.ProductsModule -->
