<?xml version="1.0" encoding="UTF-8"?>
<!-- Generated by org.testng.reporters.JUnitReportReporter -->
<testsuite hostname="Fadnis_fam" failures="0" tests="1" name="com.adivaclm.testscript.PurchaseOrderModule" time="35.950" errors="0" timestamp="2024-12-04T22:27:02 IST" skipped="0">
  <testcase classname="com.adivaclm.testscript.PurchaseOrderModule" name="createPurchaseOrder" time="35.950">
    <system-out>
      <![CDATA[createPurchaseOrderis passed]]>
    </system-out>
  </testcase> <!-- createPurchaseOrder -->
  <system-out>
    <![CDATA[createPurchaseOrderis passed]]>
  </system-out>
</testsuite> <!-- com.adivaclm.testscript.PurchaseOrderModule -->
